<?xml version="1.0" encoding="UTF-8"?>
<testng-results ignored="0" total="1" passed="1" failed="0" skipped="0">
  <reporter-output>
  </reporter-output>
  <suite started-at="2021-05-12T17:10:54Z" name="Default suite" finished-at="2021-05-12T17:11:20Z" duration-ms="25928">
    <groups>
      <group name="cucumber">
        <method signature="AbstractTestNGCucumberTests.runScenario(cucumber.api.testng.PickleEventWrapper, cucumber.api.testng.CucumberFeatureWrapper)[pri:0, instance:com.test.automation.Runner.RunTest@69fb6037]" name="runScenario" class="cucumber.api.testng.AbstractTestNGCucumberTests"/>
      </group> <!-- cucumber -->
    </groups>
    <test started-at="2021-05-12T17:10:54Z" name="Default test" finished-at="2021-05-12T17:11:20Z" duration-ms="25928">
      <class name="com.test.automation.Runner.RunTest">
        <test-method is-config="true" signature="setUpClass()[pri:0, instance:com.test.automation.Runner.RunTest@69fb6037]" started-at="2021-05-12T17:10:54Z" name="setUpClass" finished-at="2021-05-12T17:10:54Z" duration-ms="177" status="PASS">
          <reporter-output>
          </reporter-output>
        </test-method> <!-- setUpClass -->
        <test-method signature="runScenario(cucumber.api.testng.PickleEventWrapper, cucumber.api.testng.CucumberFeatureWrapper)[pri:0, instance:com.test.automation.Runner.RunTest@69fb6037]" started-at="2021-05-12T17:10:54Z" name="runScenario" description="Runs Cucumber Scenarios" data-provider="scenarios" finished-at="2021-05-12T17:11:20Z" duration-ms="25491" status="PASS">
          <params>
            <param index="0">
              <value>
                <![CDATA["Validate the date field with multiple date formats and values"]]>
              </value>
            </param>
            <param index="1">
              <value>
                <![CDATA["As a todoMVC user, I want to manage my todo list"]]>
              </value>
            </param>
          </params>
          <reporter-output>
          </reporter-output>
        </test-method> <!-- runScenario -->
        <test-method is-config="true" signature="tearDownClass()[pri:0, instance:com.test.automation.Runner.RunTest@69fb6037]" started-at="2021-05-12T17:11:20Z" name="tearDownClass" finished-at="2021-05-12T17:11:20Z" duration-ms="193" status="PASS">
          <reporter-output>
          </reporter-output>
        </test-method> <!-- tearDownClass -->
      </class> <!-- com.test.automation.Runner.RunTest -->
    </test> <!-- Default test -->
  </suite> <!-- Default suite -->
</testng-results>
